[    0.000000] Initializing cgroup subsys cpuset
[    0.000000] Initializing cgroup subsys cpu
[    0.000000] Initializing cgroup subsys cpuacct
[    0.000000] Linux version 4.4.0-146-generic (buildd@lcy01-amd64-025) (gcc version 5.4.0 20160609 (Ubuntu 5.4.0-6ubuntu1~16.04.10) ) #172-Ubuntu SMP Wed Apr 3 09:00:08 UTC 2019 (Ubuntu 4.4.0-146.172-generic 4.4.177)
[    0.000000] Command line: BOOT_IMAGE=/boot/vmlinuz-4.4.0-146-generic root=LABEL=cloudimg-rootfs ro console=tty1 console=ttyS0
[    0.000000] KERNEL supported cpus:
[    0.000000]   Intel GenuineIntel
[    0.000000]   AMD AuthenticAMD
[    0.000000]   Centaur CentaurHauls
[    0.000000] x86/fpu: xstate_offset[2]:  576, xstate_sizes[2]:  256
[    0.000000] x86/fpu: Supporting XSAVE feature 0x01: 'x87 floating point registers'
[    0.000000] x86/fpu: Supporting XSAVE feature 0x02: 'SSE registers'
[    0.000000] x86/fpu: Supporting XSAVE feature 0x04: 'AVX registers'
[    0.000000] x86/fpu: Enabled xstate features 0x7, context size is 832 bytes, using 'standard' format.
[    0.000000] e820: BIOS-provided physical RAM map:
[    0.000000] BIOS-e820: [mem 0x0000000000000000-0x000000000009fbff] usable
[    0.000000] BIOS-e820: [mem 0x000000000009fc00-0x000000000009ffff] reserved
[    0.000000] BIOS-e820: [mem 0x00000000000f0000-0x00000000000fffff] reserved
[    0.000000] BIOS-e820: [mem 0x0000000000100000-0x000000007ffeffff] usable
[    0.000000] BIOS-e820: [mem 0x000000007fff0000-0x000000007fffffff] ACPI data
[    0.000000] BIOS-e820: [mem 0x00000000fec00000-0x00000000fec00fff] reserved
[    0.000000] BIOS-e820: [mem 0x00000000fee00000-0x00000000fee00fff] reserved
[    0.000000] BIOS-e820: [mem 0x00000000fffc0000-0x00000000ffffffff] reserved
[    0.000000] NX (Execute Disable) protection: active
[    0.000000] SMBIOS 2.5 present.
[    0.000000] Hypervisor detected: KVM
[    0.000000] e820: last_pfn = 0x7fff0 max_arch_pfn = 0x400000000
[    0.000000] MTRR: Disabled
[    0.000000] x86/PAT: MTRRs disabled, skipping PAT initialization too.
[    0.000000] CPU MTRRs all blank - virtualized system.
[    0.000000] x86/PAT: Configuration [0-7]: WB  WT  UC- UC  WB  WT  UC- UC  
[    0.000000] found SMP MP-table at [mem 0x0009fff0-0x0009ffff] mapped at [ffff88000009fff0]
[    0.000000] Scanning 1 areas for low memory corruption
[    0.000000] RAMDISK: [mem 0x362fa000-0x37174fff]
[    0.000000] ACPI: Early table checksum verification disabled
[    0.000000] ACPI: RSDP 0x00000000000E0000 000024 (v02 VBOX  )
[    0.000000] ACPI: XSDT 0x000000007FFF0030 00003C (v01 VBOX   VBOXXSDT 00000001 ASL  00000061)
[    0.000000] ACPI: FACP 0x000000007FFF00F0 0000F4 (v04 VBOX   VBOXFACP 00000001 ASL  00000061)
[    0.000000] ACPI: DSDT 0x000000007FFF0470 0021FF (v02 VBOX   VBOXBIOS 00000002 INTL 20100528)
[    0.000000] ACPI: FACS 0x000000007FFF0200 000040
[    0.000000] ACPI: FACS 0x000000007FFF0200 000040
[    0.000000] ACPI: APIC 0x000000007FFF0240 000054 (v02 VBOX   VBOXAPIC 00000001 ASL  00000061)
[    0.000000] ACPI: SSDT 0x000000007FFF02A0 0001CC (v01 VBOX   VBOXCPUT 00000002 INTL 20100528)
[    0.000000] No NUMA configuration found
[    0.000000] Faking a node at [mem 0x0000000000000000-0x000000007ffeffff]
[    0.000000] NODE_DATA(0) allocated [mem 0x7ffeb000-0x7ffeffff]
[    0.000000] kvm-clock: Using msrs 4b564d01 and 4b564d00
[    0.000000] kvm-clock: cpu 0, msr 0:7ffe3001, primary cpu clock
[    0.000000] kvm-clock: using sched offset of 4835797561 cycles
[    0.000000] clocksource: kvm-clock: mask: 0xffffffffffffffff max_cycles: 0x1cd42e4dffb, max_idle_ns: 881590591483 ns
[    0.000000] Zone ranges:
[    0.000000]   DMA      [mem 0x0000000000001000-0x0000000000ffffff]
[    0.000000]   DMA32    [mem 0x0000000001000000-0x000000007ffeffff]
[    0.000000]   Normal   empty
[    0.000000]   Device   empty
[    0.000000] Movable zone start for each node
[    0.000000] Early memory node ranges
[    0.000000]   node   0: [mem 0x0000000000001000-0x000000000009efff]
[    0.000000]   node   0: [mem 0x0000000000100000-0x000000007ffeffff]
[    0.000000] Initmem setup node 0 [mem 0x0000000000001000-0x000000007ffeffff]
[    0.000000] ACPI: PM-Timer IO Port: 0x4008
[    0.000000] IOAPIC[0]: apic_id 1, version 32, address 0xfec00000, GSI 0-23
[    0.000000] ACPI: INT_SRC_OVR (bus 0 bus_irq 0 global_irq 2 dfl dfl)
[    0.000000] ACPI: INT_SRC_OVR (bus 0 bus_irq 9 global_irq 9 low level)
[    0.000000] Using ACPI (MADT) for SMP configuration information
[    0.000000] smpboot: Allowing 1 CPUs, 0 hotplug CPUs
[    0.000000] PM: Registered nosave memory: [mem 0x00000000-0x00000fff]
[    0.000000] PM: Registered nosave memory: [mem 0x0009f000-0x0009ffff]
[    0.000000] PM: Registered nosave memory: [mem 0x000a0000-0x000effff]
[    0.000000] PM: Registered nosave memory: [mem 0x000f0000-0x000fffff]
[    0.000000] e820: [mem 0x80000000-0xfebfffff] available for PCI devices
[    0.000000] Booting paravirtualized kernel on KVM
[    0.000000] clocksource: refined-jiffies: mask: 0xffffffff max_cycles: 0xffffffff, max_idle_ns: 7645519600211568 ns
[    0.000000] setup_percpu: NR_CPUS:512 nr_cpumask_bits:512 nr_cpu_ids:1 nr_node_ids:1
[    0.000000] PERCPU: Embedded 34 pages/cpu @ffff88007fc00000 s99480 r8192 d31592 u2097152
[    0.000000] Built 1 zonelists in Node order, mobility grouping on.  Total pages: 515960
[    0.000000] Policy zone: DMA32
[    0.000000] Kernel command line: BOOT_IMAGE=/boot/vmlinuz-4.4.0-146-generic root=LABEL=cloudimg-rootfs ro console=tty1 console=ttyS0
[    0.000000] PID hash table entries: 4096 (order: 3, 32768 bytes)
[    0.000000] Memory: 2030060K/2096696K available (8609K kernel code, 1334K rwdata, 4028K rodata, 1484K init, 1284K bss, 66636K reserved, 0K cma-reserved)
[    0.000000] SLUB: HWalign=64, Order=0-3, MinObjects=0, CPUs=1, Nodes=1
[    0.000000] Kernel/User page tables isolation: enabled
[    0.000000] Hierarchical RCU implementation.
[    0.000000] 	Build-time adjustment of leaf fanout to 64.
[    0.000000] 	RCU restricting CPUs from NR_CPUS=512 to nr_cpu_ids=1.
[    0.000000] RCU: Adjusting geometry for rcu_fanout_leaf=64, nr_cpu_ids=1
[    0.000000] NR_IRQS:33024 nr_irqs:256 16
[    0.000000] Console: colour VGA+ 80x25
[    0.000000] console [tty1] enabled
[    0.000000] console [ttyS0] enabled
[    0.000000] tsc: Detected 3600.018 MHz processor
[    1.140700] Calibrating delay loop (skipped) preset value.. 7200.03 BogoMIPS (lpj=14400072)
[    1.143127] pid_max: default: 32768 minimum: 301
[    1.144478] ACPI: Core revision 20150930
[    1.149001] ACPI: 2 ACPI AML tables successfully acquired and loaded
[    1.150805] Security Framework initialized
[    1.151986] Yama: becoming mindful.
[    1.153154] AppArmor: AppArmor initialized
[    1.157996] Dentry cache hash table entries: 262144 (order: 9, 2097152 bytes)
[    1.161199] Inode-cache hash table entries: 131072 (order: 8, 1048576 bytes)
[    1.169254] Mount-cache hash table entries: 4096 (order: 3, 32768 bytes)
[    1.170962] Mountpoint-cache hash table entries: 4096 (order: 3, 32768 bytes)
[    1.182556] Initializing cgroup subsys io
[    1.211212] Initializing cgroup subsys memory
[    1.212510] Initializing cgroup subsys devices
[    1.213754] Initializing cgroup subsys freezer
[    1.215054] Initializing cgroup subsys net_cls
[    1.216377] Initializing cgroup subsys perf_event
[    1.220256] Initializing cgroup subsys net_prio
[    1.221657] Initializing cgroup subsys hugetlb
[    1.222984] Initializing cgroup subsys pids
[    1.229827] mce: CPU supports 0 MCE banks
[    1.231055] process: using mwait in idle threads
[    1.234749] Last level iTLB entries: 4KB 1024, 2MB 1024, 4MB 1024
[    1.238346] Last level dTLB entries: 4KB 1024, 2MB 1024, 4MB 1024, 1GB 4
[    1.242430] Spectre V2 : Mitigation: Full generic retpoline
[    1.249480] Spectre V2 : Spectre v2 / SpectreRSB mitigation: Filling RSB on context switch
[    1.252013] Speculative Store Bypass: Vulnerable
[    1.286859] Freeing SMP alternatives memory: 36K
[    1.296992] ftrace: allocating 32287 entries in 127 pages
[    1.392689] smpboot: APIC(0) Converting physical 0 to logical package 0
[    1.403442] smpboot: Max logical packages: 1
[    1.408371] x2apic enabled
[    1.418454] Switched APIC routing to physical x2apic.
[    1.432054] ..TIMER: vector=0x30 apic1=0 pin1=2 apic2=-1 pin2=-1
[    1.543803] smpboot: CPU0: Intel(R) Core(TM) i7-4790 CPU @ 3.60GHz (family: 0x6, model: 0x3c, stepping: 0x3)
[    1.546719] Performance Events: unsupported p6 CPU model 60 no PMU driver, software events only.
[    1.560464] KVM setup paravirtual spinlock
[    1.562406] x86: Booted up 1 node, 1 CPUs
[    1.563593] smpboot: Total of 1 processors activated (7200.03 BogoMIPS)
[    1.568969] devtmpfs: initialized
[    1.584322] evm: security.selinux
[    1.587935] evm: security.SMACK64
[    1.589716] evm: security.SMACK64EXEC
[    1.596504] evm: security.SMACK64TRANSMUTE
[    1.597697] evm: security.SMACK64MMAP
[    1.598820] evm: security.ima
[    1.599808] evm: security.capability
[    1.601132] clocksource: jiffies: mask: 0xffffffff max_cycles: 0xffffffff, max_idle_ns: 7645041785100000 ns
[    1.603740] futex hash table entries: 256 (order: 2, 16384 bytes)
[    1.605360] pinctrl core: initialized pinctrl subsystem
[    1.607020] RTC time:  7:47:08, date: 10/01/19
[    1.609747] NET: Registered protocol family 16
[    1.611343] cpuidle: using governor ladder
[    1.612493] cpuidle: using governor menu
[    1.613628] PCCT header not found.
[    1.614744] ACPI: bus type PCI registered
[    1.615876] acpiphp: ACPI Hot Plug PCI Controller Driver version: 0.5
[    1.617622] PCI: Using configuration type 1 for base access
[    1.621716] ACPI: Added _OSI(Module Device)
[    1.624330] ACPI: Added _OSI(Processor Device)
[    1.628568] ACPI: Added _OSI(3.0 _SCP Extensions)
[    1.642431] ACPI: Added _OSI(Processor Aggregator Device)
[    1.645343] ACPI: Executed 1 blocks of module-level executable AML code
[    1.655728] ACPI: Interpreter enabled
[    1.656984] ACPI: (supports S0 S5)
[    1.658160] ACPI: Using IOAPIC for interrupt routing
[    1.673259] PCI: Using host bridge windows from ACPI; if necessary, use "pci=nocrs" and report a bug
[    1.683796] ACPI: PCI Root Bridge [PCI0] (domain 0000 [bus 00-ff])
[    1.693235] acpi PNP0A03:00: _OSC: OS supports [ASPM ClockPM Segments MSI]
[    1.700099] acpi PNP0A03:00: _OSC: not requesting OS control; OS requires [ExtendedConfig ASPM ClockPM MSI]
[    1.730048] acpi PNP0A03:00: fail to add MMCONFIG information, can't access extended PCI configuration space under this bridge.
[    1.754324] PCI host bridge to bus 0000:00
[    1.758718] pci_bus 0000:00: root bus resource [io  0x0000-0x0cf7 window]
[    1.762204] pci_bus 0000:00: root bus resource [io  0x0d00-0xffff window]
[    1.776960] pci_bus 0000:00: root bus resource [mem 0x000a0000-0x000bffff window]
[    1.779093] pci_bus 0000:00: root bus resource [mem 0x80000000-0xfdffffff window]
[    1.781322] pci_bus 0000:00: root bus resource [bus 00-ff]
[    1.785326] pci 0000:00:01.1: legacy IDE quirk: reg 0x10: [io  0x01f0-0x01f7]
[    1.792072] pci 0000:00:01.1: legacy IDE quirk: reg 0x14: [io  0x03f6]
[    1.793669] pci 0000:00:01.1: legacy IDE quirk: reg 0x18: [io  0x0170-0x0177]
[    1.796578] pci 0000:00:01.1: legacy IDE quirk: reg 0x1c: [io  0x0376]
[    1.832458] pci 0000:00:07.0: quirk: [io  0x4000-0x403f] claimed by PIIX4 ACPI
[    1.852471] pci 0000:00:07.0: quirk: [io  0x4100-0x410f] claimed by PIIX4 SMB
[    1.896018] ACPI: PCI Interrupt Link [LNKA] (IRQs 5 9 10 *11)
[    1.924229] ACPI: PCI Interrupt Link [LNKB] (IRQs 5 9 *10 11)
[    1.926977] ACPI: PCI Interrupt Link [LNKC] (IRQs 5 *9 10 11)
[    1.932300] ACPI: PCI Interrupt Link [LNKD] (IRQs 5 9 10 *11)
[    1.943207] ACPI: Enabled 2 GPEs in block 00 to 07
[    1.946711] vgaarb: setting as boot device: PCI:0000:00:02.0
[    1.963870] vgaarb: device added: PCI:0000:00:02.0,decodes=io+mem,owns=io+mem,locks=none
[    1.966411] vgaarb: loaded
[    1.967551] vgaarb: bridge control possible 0000:00:02.0
[    1.969508] SCSI subsystem initialized
[    1.970721] ACPI: bus type USB registered
[    1.974393] usbcore: registered new interface driver usbfs
[    1.977823] usbcore: registered new interface driver hub
[    1.982329] usbcore: registered new device driver usb
[    1.985981] PCI: Using ACPI for IRQ routing
[    1.987627] NetLabel: Initializing
[    1.988688] NetLabel:  domain hash size = 128
[    1.998634] NetLabel:  protocols = UNLABELED CIPSOv4
[    2.000113] NetLabel:  unlabeled traffic allowed by default
[    2.001780] amd_nb: Cannot enumerate AMD northbridges
[    2.003193] clocksource: Switched to clocksource kvm-clock
[    2.024758] AppArmor: AppArmor Filesystem Enabled
[    2.026308] pnp: PnP ACPI init
[    2.028736] pnp: PnP ACPI: found 3 devices
[    2.036840] clocksource: acpi_pm: mask: 0xffffff max_cycles: 0xffffff, max_idle_ns: 2085701024 ns
[    2.039470] NET: Registered protocol family 2
[    2.044496] TCP established hash table entries: 16384 (order: 5, 131072 bytes)
[    2.046760] TCP bind hash table entries: 16384 (order: 6, 262144 bytes)
[    2.053320] TCP: Hash tables configured (established 16384 bind 16384)
[    2.055289] UDP hash table entries: 1024 (order: 3, 32768 bytes)
[    2.066737] UDP-Lite hash table entries: 1024 (order: 3, 32768 bytes)
[    2.070039] NET: Registered protocol family 1
[    2.071495] pci 0000:00:00.0: Limiting direct PCI/PCI transfers
[    2.074857] pci 0000:00:01.0: Activating ISA DMA hang workarounds
[    2.083510] Unpacking initramfs...
[    2.560534] Freeing initrd memory: 14828K
[    2.567882] RAPL PMU detected, API unit is 2^-32 Joules, 4 fixed counters 10737418240 ms ovfl timer
[    2.581467] hw unit of domain pp0-core 2^-0 Joules
[    2.584067] hw unit of domain package 2^-0 Joules
[    2.587097] hw unit of domain dram 2^-0 Joules
[    2.588484] hw unit of domain pp1-gpu 2^-0 Joules
[    2.589902] platform rtc_cmos: registered platform RTC device (no PNP device found)
[    2.594266] Scanning for low memory corruption every 60 seconds
[    2.599736] audit: initializing netlink subsys (disabled)
[    2.607168] audit: type=2000 audit(1569916034.367:1): initialized
[    2.612747] Initialise system trusted keyring
[    2.614288] HugeTLB registered 2 MB page size, pre-allocated 0 pages
[    2.619044] zbud: loaded
[    2.620521] VFS: Disk quotas dquot_6.6.0
[    2.621719] VFS: Dquot-cache hash table entries: 512 (order 0, 4096 bytes)
[    2.623987] squashfs: version 4.0 (2009/01/31) Phillip Lougher
[    2.628096] fuse init (API version 7.23)
[    2.629609] Key type big_key registered
[    2.630770] Allocating IMA MOK and blacklist keyrings.
[    2.633888] Key type asymmetric registered
[    2.635280] Asymmetric key parser 'x509' registered
[    2.636874] Block layer SCSI generic (bsg) driver version 0.4 loaded (major 249)
[    2.639339] io scheduler noop registered
[    2.640647] io scheduler deadline registered (default)
[    2.645213] io scheduler cfq registered
[    2.646476] pci_hotplug: PCI Hot Plug PCI Core version: 0.5
[    2.649518] pciehp: PCI Express Hot Plug Controller Driver version: 0.4
[    2.651563] ACPI: AC Adapter [AC] (on-line)
[    2.654874] input: Power Button as /devices/LNXSYSTM:00/LNXPWRBN:00/input/input0
[    2.657656] ACPI: Power Button [PWRF]
[    2.658909] input: Sleep Button as /devices/LNXSYSTM:00/LNXSLPBN:00/input/input1
[    2.661134] ACPI: Sleep Button [SLPF]
[    2.662464] GHES: HEST is not enabled!
[    2.665230] Serial: 8250/16550 driver, 32 ports, IRQ sharing enabled
[    2.689768] 00:02: ttyS0 at I/O 0x3f8 (irq = 4, base_baud = 115200) is a 16550A
[    2.714577] Linux agpgart interface v0.103
[    2.724448] loop: module loaded
[    2.737239] scsi host0: ata_piix
[    2.747147] scsi host1: ata_piix
[    2.757833] ata1: PATA max UDMA/33 cmd 0x1f0 ctl 0x3f6 bmdma 0xd000 irq 14
[    2.763224] ata2: PATA max UDMA/33 cmd 0x170 ctl 0x376 bmdma 0xd008 irq 15
[    2.765472] libphy: Fixed MDIO Bus: probed
[    2.768300] tun: Universal TUN/TAP device driver, 1.6
[    2.769778] tun: (C) 1999-2004 Max Krasnyansky <maxk@qualcomm.com>
[    2.776263] PPP generic driver version 2.4.2
[    2.777641] ehci_hcd: USB 2.0 'Enhanced' Host Controller (EHCI) Driver
[    2.780897] ehci-pci: EHCI PCI platform driver
[    2.782216] ehci-platform: EHCI generic platform driver
[    2.783629] ohci_hcd: USB 1.1 'Open' Host Controller (OHCI) Driver
[    2.785294] ohci-pci: OHCI PCI platform driver
[    2.786648] ohci-platform: OHCI generic platform driver
[    2.788172] uhci_hcd: USB Universal Host Controller Interface driver
[    2.790010] i8042: PNP: PS/2 Controller [PNP0303:PS2K,PNP0f03:PS2M] at 0x60,0x64 irq 1,12
[    2.795664] serio: i8042 KBD port at 0x60,0x64 irq 1
[    2.799169] serio: i8042 AUX port at 0x60,0x64 irq 12
[    2.800997] mousedev: PS/2 mouse device common for all mice
[    2.809265] input: AT Translated Set 2 keyboard as /devices/platform/i8042/serio0/input/input2
[    2.816397] rtc_cmos rtc_cmos: rtc core: registered rtc_cmos as rtc0
[    2.822151] rtc_cmos rtc_cmos: alarms up to one day, 114 bytes nvram
[    2.826771] i2c /dev entries driver
[    2.839336] device-mapper: uevent: version 1.0.3
[    2.840731] device-mapper: ioctl: 4.34.0-ioctl (2015-10-28) initialised: dm-devel@redhat.com
[    2.847250] ledtrig-cpu: registered to indicate activity on CPUs
[    2.852968] NET: Registered protocol family 10
[    2.856953] NET: Registered protocol family 17
[    2.858675] Key type dns_resolver registered
[    2.868718] registered taskstats version 1
[    2.876942] Loading compiled-in X.509 certificates
[    2.883061] Loaded X.509 cert 'Build time autogenerated kernel key: 4dcb2dc2c7cf43e0c20c44384f68683c20294489'
[    2.885757] zswap: loaded using pool lzo/zbud
[    2.892533] Key type trusted registered
[    2.897406] Key type encrypted registered
[    2.913624] AppArmor: AppArmor sha1 policy hashing enabled
[    2.921743] ima: No TPM chip found, activating TPM-bypass!
[    2.927428] ima: Allocated hash algorithm: sha1
[    2.941914] evm: HMAC attrs: 0x1
[    2.957510]   Magic number: 7:76:773
[    2.971468] rtc_cmos rtc_cmos: setting system clock to 2019-10-01 07:47:09 UTC (1569916029)
[    2.974137] BIOS EDD facility v0.16 2004-Jun-25, 0 devices found
[    2.975791] EDD information not available.
[    2.980966] Freeing unused kernel memory: 1484K
[    2.999583] Write protecting the kernel read-only data: 14336k
[    3.011042] Freeing unused kernel memory: 1620K
[    3.022286] Freeing unused kernel memory: 68K
Loading, please wait...
starting version[    3.047899] random: systemd-udevd: uninitialized urandom read (16 bytes read, 3 bits of entropy available)
 229
[    3.055968] random: udevadm: uninitialized urandom read (16 bytes read, 3 bits of entropy available)
[    3.078147] random: systemd-udevd: uninitialized urandom read (16 bytes read, 3 bits of entropy available)
[    3.104299] random: udevadm: uninitialized urandom read (16 bytes read, 3 bits of entropy available)
[    3.159250] random: systemd-udevd: uninitialized urandom read (16 bytes read, 3 bits of entropy available)
[    3.185885] random: systemd-udevd: uninitialized urandom read (16 bytes read, 3 bits of entropy available)
[    3.252982] random: udevadm: uninitialized urandom read (16 bytes read, 3 bits of entropy available)
[    3.335117] random: systemd-udevd: uninitialized urandom read (16 bytes read, 3 bits of entropy available)
[    3.346813] random: systemd-udevd: uninitialized urandom read (16 bytes read, 3 bits of entropy available)
[    3.356377] random: systemd-udevd: uninitialized urandom read (16 bytes read, 3 bits of entropy available)
[    3.474165] e1000: Intel(R) PRO/1000 Network Driver - version 7.3.21-k8-NAPI
[    3.476327] e1000: Copyright (c) 1999-2006 Intel Corporation.
[    3.490178] Fusion MPT base driver 3.04.20
[    3.491772] Copyright (c) 1999-2008 LSI Corporation
[    3.533835] Fusion MPT SPI Host driver 3.04.20
[    3.587301] tsc: Refined TSC clocksource calibration: 3598.960 MHz
[    3.592268] clocksource: tsc: mask: 0xffffffffffffffff max_cycles: 0x33e07d170c6, max_idle_ns: 440795248069 ns
[    3.620629] AVX2 version of gcm_enc/dec engaged.
[    3.622450] AES CTR mode by8 optimization enabled
[    3.721482] input: ImExPS/2 Generic Explorer Mouse as /devices/platform/i8042/serio1/input/input4
[    4.006158] e1000 0000:00:03.0 eth0: (PCI:33MHz:32-bit) 02:ff:01:e3:7b:4e
[    4.020569] e1000 0000:00:03.0 eth0: Intel(R) PRO/1000 Network Connection
[    4.026407] mptbase: ioc0: Initiating bringup
[    4.091508] ioc0: LSI53C1030 A0: Capabilities={Initiator}
[    4.268930] scsi host2: ioc0: LSI53C1030 A0, FwRev=00000000h, Ports=1, MaxQ=256, IRQ=20
[    4.434932] scsi 2:0:0:0: Direct-Access     VBOX     HARDDISK         1.0  PQ: 0 ANSI: 5
[    4.456249] scsi target2:0:0: Beginning Domain Validation
[    4.460532] scsi target2:0:0: Domain Validation skipping write tests
[    4.462997] scsi target2:0:0: Ending Domain Validation
[    4.465189] scsi target2:0:0: asynchronous
[    4.476903] scsi 2:0:1:0: Direct-Access     VBOX     HARDDISK         1.0  PQ: 0 ANSI: 5
[    4.479250] scsi target2:0:1: Beginning Domain Validation
[    4.543788] scsi target2:0:1: Domain Validation skipping write tests
[    4.566899] scsi target2:0:1: Ending Domain Validation
[    4.592255] scsi target2:0:1: asynchronous
[    4.732589] sd 2:0:0:0: Attached scsi generic sg0 type 0
[    4.737796] sd 2:0:0:0: [sda] 20971520 512-byte logical blocks: (10.7 GB/10.0 GiB)
[    4.740795] sd 2:0:0:0: [sda] Write Protect is off
[    4.751306] sd 2:0:1:0: [sdb] 20480 512-byte logical blocks: (10.5 MB/10.0 MiB)
[    4.755196] sd 2:0:1:0: Attached scsi generic sg1 type 0
[    4.757059] sd 2:0:1:0: [sdb] Write Protect is off
[    4.772752] sd 2:0:1:0: [sdb] Incomplete mode parameter data
[    4.774338] sd 2:0:1:0: [sdb] Assuming drive cache: write through
[    4.795453] sd 2:0:0:0: [sda] Incomplete mode parameter data
[    4.797529] sd 2:0:0:0: [sda] Assuming drive cache: write through
[    4.817078]  sda: sda1
[    4.819764] sd 2:0:1:0: [sdb] Attached SCSI disk
[    4.821601] sd 2:0:0:0: [sda] Attached SCSI disk
[    4.959038] e1000 0000:00:08.0 eth1: (PCI:33MHz:32-bit) 08:00:27:77:d7:b7
[    4.978236] e1000 0000:00:08.0 eth1: Intel(R) PRO/1000 Network Connection
[    5.019225] e1000 0000:00:08.0 enp0s8: renamed from eth1
[    5.026538] e1000 0000:00:03.0 enp0s3: renamed from eth0
Begin: Loading e[    6.704967] md: linear personality registered for level -1
ssential drivers ... [    6.733321] md: multipath personality registered for level -4
[    6.758415] md: raid0 personality registered for level 0
[    6.797319] md: raid1 personality registered for level 1
[    6.875416] raid6: sse2x1   gen()  2873 MB/s
[    6.943295] raid6: sse2x1   xor()  1646 MB/s
[    7.011269] raid6: sse2x2   gen()  5034 MB/s
[    7.079252] raid6: sse2x2   xor()  3213 MB/s
[    7.147337] raid6: sse2x4   gen()  7594 MB/s
[    7.215748] raid6: sse2x4   xor()  4504 MB/s
[    7.283376] raid6: avx2x1   gen()  5917 MB/s
[    7.351631] raid6: avx2x2   gen() 11062 MB/s
[    7.419438] raid6: avx2x4   gen() 14414 MB/s
[    7.420786] raid6: using algorithm avx2x4 gen() 14414 MB/s
[    7.422511] raid6: using avx2x2 recovery algorithm
[    7.426685] xor: automatically using best checksumming function:
[    7.467249]    avx       : 18717.000 MB/sec
[    7.470726] async_tx: api initialized (async)
[    7.487770] md: raid6 personality registered for level 6
[    7.489363] md: raid5 personality registered for level 5
[    7.490854] md: raid4 personality registered for level 4
[    7.504427] md: raid10 personality registered for level 10
done.
Begin: Running /scripts/init-premount ... done.
Begin: Mounting root file system ... Begin: Running /scripts/local-top ... done.
Begin: Running /scripts/local-premount ... [    7.567279] Btrfs loaded
Scanning for Btrfs filesystems
done.
Warning: fsck not present, so skipping root file system
[    7.605847] EXT4-fs (sda1): INFO: recovery required on readonly filesystem
[    7.608100] EXT4-fs (sda1): write access will be enabled during recovery
[    7.633784] EXT4-fs (sda1): recovery complete
[    7.637482] EXT4-fs (sda1): mounted filesystem with ordered data mode. Opts: (null)
done.
Begin: Running /scripts/local-bottom ... done.
Begin: Running /scripts/init-bottom ... done.
[    7.752408] systemd[1]: systemd 229 running in system mode. (+PAM +AUDIT +SELINUX +IMA +APPARMOR +SMACK +SYSVINIT +UTMP +LIBCRYPTSETUP +GCRYPT +GNUTLS +ACL +XZ -LZ4 +SECCOMP +BLKID +ELFUTILS +KMOD -IDN)
[    7.827290] systemd[1]: Detected virtualization oracle.
[    7.829201] systemd[1]: Detected architecture x86-64.

Welcome to [1mUbuntu 16.04.6 LTS[0m!

[    7.834430] systemd[1]: Set hostname to <ubuntu-xenial>.
[    7.994245] systemd[1]: Listening on udev Kernel Socket.
[[0;32m  OK  [0m] Listening on udev Kernel Socket.
[    7.997493] systemd[1]: Reached target User and Group Name Lookups.
[[0;32m  OK  [0m] Reached target User and Group Name Lookups.
[    8.000837] systemd[1]: Reached target Encrypted Volumes.
[[0;32m  OK  [0m] Reached target Encrypted Volumes.
[    8.003921] systemd[1]: Listening on Journal Socket (/dev/log).
[[0;32m  OK  [0m] Listening on Journal Socket (/dev/log).
[    8.008354] systemd[1]: Created slice User and Session Slice.
[[0;32m  OK  [0m] Created slice User and Session Slice.
[    8.011588] systemd[1]: Listening on Journal Socket.
[[0;32m  OK  [0m] Listening on Journal Socket.
[    8.014533] systemd[1]: Started Trigger resolvconf update for networkd DNS.
[[0;32m  OK  [0m] Started Trigger resolvconf update for networkd DNS.
[    8.018072] systemd[1]: Listening on LVM2 poll daemon socket.
[[0;32m  OK  [0m] Listening on LVM2 poll daemon socket.
[    8.021270] systemd[1]: Listening on udev Control Socket.
[[0;32m  OK  [0m] Listening on udev Control Socket.
[    8.026037] systemd[1]: Reached target Swap.
[[0;32m  OK  [0m] Reached target Swap.
[    8.029863] systemd[1]: Listening on Journal Audit Socket.
[[0;32m  OK  [0m] Listening on Journal Audit Socket.
[    8.032992] systemd[1]: Listening on Syslog Socket.
[[0;32m  OK  [0m] Listening on Syslog Socket.
[    8.036039] systemd[1]: Set up automount Arbitrary Executable File Formats File System Automount Point.
[[0;32m  OK  [0m] Set up automount Arbitrary Executab...ats File System Automount Point.
[    8.040806] systemd[1]: Listening on Device-mapper event daemon FIFOs.
[[0;32m  OK  [0m] Listening on Device-mapper event daemon FIFOs.
[    8.044286] systemd[1]: Listening on /dev/initctl Compatibility Named Pipe.
[[0;32m  OK  [0m] Listening on /dev/initctl Compatibility Named Pipe.
[    8.047810] systemd[1]: Reached target System Time Synchronized.
[[0;32m  OK  [0m] Reached target System Time Synchronized.
[    8.051055] systemd[1]: Started Forward Password Requests to Wall Directory Watch.
[[0;32m  OK  [0m] Started Forward Password Requests to Wall Directory Watch.
[    8.055549] systemd[1]: Created slice System Slice.
[[0;32m  OK  [0m] Created slice System Slice.
[    8.063136] systemd[1]: Starting Journal Service...
         Starting Journal Service...
[    8.066152] systemd[1]: Created slice system-serial\x2dgetty.slice.
[[0;32m  OK  [0m] Created slice system-serial\x2dgetty.slice.
[    8.082802] systemd[1]: Mounting POSIX Message Queue File System...
         Mounting POSIX Message Queue File System...
[    8.116428] systemd[1]: Mounting Huge Pages File System...
         Mounting Huge Pages File System...
[    8.121609] systemd[1]: Reached target Slices.
[[0;32m  OK  [0m] Reached target Slices.
[    8.136922] systemd[1]: Starting Create list of required static device nodes for the current kernel...
         Starting Create list of required st... nodes for the current kernel...
[    8.148408] systemd[1]: Starting Remount Root and Kernel File Systems...
         Starting Remount[    8.155041] EXT4-fs (sda1): re-mounted. Opts: (null)
 Root and Kernel File Systems...
[    8.169429] systemd[1]: Starting Load Kernel Modules...
         Starting Load Kernel Modules...
[    8.182267] systemd[1]: Mounting Debug File System...
[    8.205549] Loading iSCSI transport class v2.0-870.
         Mounting Debug File System...
[    8.222498] iscsi: registered transport (tcp)
[    8.228626] systemd[1]: Starting Uncomplicated firewall...
         Starting Uncomplicated firewall...
[    8.234137] systemd[1]: Starting Set console keymap...
         Starting Set console keymap...
[    8.267103] systemd[1]: Starting Nameserver information manager...
         Starting Nameserver information manager...
[    8.276379] systemd[1]: Listening on LVM2 metadata daemon socket.
[[0;32m  OK  [0m] Listening on LVM2 metadata daemon socket.
[    8.282282] systemd[1]: Starting Monitoring of LVM2 mirrors, snapshots etc. using dmeventd or progress polling...
         Starting Monitoring of LVM2 mirrors... dmeventd or progress polling...
[    8.305665] systemd[1]: Mounted Debug File System.
[[0;32m  OK  [0m] Mounted Debug File System.
[    8.311053] systemd[1]: Mounted Huge Pages File System.
[[0;32m  OK  [0m] Mounted Huge Pages File System.
[    8.328867] systemd[1]: Mounted POSIX Message Queue File System.
[[0;32m  OK  [0m] Mounted POSIX Message Queue File System.
[    8.338702] systemd[1]: Started Journal Service.
[    8.355430] iscsi: registered transport (iser)
[[0;32m  OK  [0m] Started Journal Service.
[[0;32m  OK  [0m] Started Create list of required sta...ce nodes for the current kernel.
[[0;32m  OK  [0m] Started Remount Root and Kernel File Systems.
[[0;32m  OK  [0m] Started Load Kernel Modules.
[[0;32m  OK  [0m] Started Uncomplicated firewall.
[[0;32m  OK  [0m] Started Nameserver information manager.
[[0;32m  OK  [0m] Started Set console keymap.
[[0;32m  OK  [0m] Started LVM2 metadata daemon.
         Mounting FUSE Control File System...
         Starting Apply Kernel Variables...
         Starting Load/Save Random Seed...
         Starting udev Coldplug all Devices...
         Starting Create Static Device Nodes in /dev...
         Starting Flush Journal to Persistent Storage...
[[0;32m  OK  [0m] Mounted FUSE Control File System.
[[0;32m  OK  [0m] Started Apply Kernel Variables.
[[0;32m  OK  [0m] Started Load/Save Random Seed.
[[0;32m  OK  [0m] Started Create Static Device Nodes in /dev.
[[0;32m  OK  [0m] Started Monitoring of LVM2 mirrors,...ng dmeventd or progress polling.
[[0;32m  OK  [0m] Started udev Coldplug all Devices.
[[0;32m  OK  [0m] Started Flush Journal to Persistent Storage.
[[0;32m  OK  [0m] Reached target Local File Systems (Pre).
[[0;32m  OK  [0m] Reached target Local File Systems.
         Starting LSB: AppArmor initialization...
         Starting Initial cloud-init job (pre-networking)...
         Starting Create Volatile Files and Directories...
         Starting Set console font and keymap...
         Starting Tell Plymouth To Write Out Runtime Data...
         Starting udev Kernel Device Manager...
[[0;32m  OK  [0m] Started Tell Plymouth To Write Out Runtime Data.
[[0;32m  OK  [0m] Started udev Kernel Device Manager.
[[0;32m  OK  [0m] Started Dispatch Password Requests to Console Directory Watch.
[[0;32m  OK  [0m] Started LSB: AppArmor initialization.
[[0;32m  OK  [0m] Started Create Volatile Files and Directories.
         Starting Update UTMP about System Boot/Shutdown...
[[0;32m  OK  [0m] Started Update UTMP about System Boot/Shutdown.
[[0;32m  OK  [0m] Found device /dev/ttyS0.
[[0;32m  OK  [0m] Found device 82540EM Gigabit Ethern...r (PRO/1000 MT Desktop Adapter).
[[0;32m  OK  [0m] Listening on Load/Save RF Kill Switch Status /dev/rfkill Watch.
[[0;32m  OK  [0m] Started Set console font and keymap.
[[0;32m  OK  [0m] Created slice system-getty.slice.
[[0;32m  OK  [0m] Found device 82540EM Gigabit Ethern...r (PRO/1000 MT Desktop Adapter).
[   11.152978] cloud-init[481]: Cloud-init v. 18.5-45-g3554ffe8-0ubuntu1~16.04.1 running 'init-local' at Tue, 01 Oct 2019 07:47:18 +0000. Up 10.36 seconds.
[[0;32m  OK  [0m] Started Initial cloud-init job (pre-networking).
[[0;32m  OK  [0m] Reached target Network (Pre).
[[0;32m  OK  [0m] Started ifup for enp0s3.
         Starting Raise network interfaces...
[[0;32m  OK  [0m] Started ifup for enp0s8.
[[0;32m  OK  [0m] Started Raise network interfaces.
         Starting Initial cloud-init job (metadata service crawler)...
[[0;32m  OK  [0m] Reached target Network.
[   12.857737] cloud-init[1068]: Cloud-init v. 18.5-45-g3554ffe8-0ubuntu1~16.04.1 running 'init' at Tue, 01 Oct 2019 07:47:20 +0000. Up 12.32 seconds.
[   12.865189] cloud-init[1068]: ci-info: ++++++++++++++++++++++++++++++++++++++Net device info+++++++++++++++++++++++++++++++++++++++
[   12.871610] cloud-init[1068]: ci-info: +--------+------+-----------------------------+---------------+--------+-------------------+
[   12.880393] cloud-init[1068]: ci-info: | Device |  Up  |           Address           |      Mask     | Scope  |     Hw-Address    |
[   12.888441] cloud-init[1068]: ci-info: +--------+------+-----------------------------+---------------+--------+-------------------+
[   12.910902] cloud-init[1068]: ci-info: | enp0s3 | True |          10.0.2.15          | 255.255.255.0 | global | 02:ff:01:e3:7b:4e |
[   12.916391] cloud-init[1068]: ci-info: | enp0s3 | True |  fe80::ff:1ff:fee3:7b4e/64  |       .       |  link  | 02:ff:01:e3:7b:4e |
[   12.924450] cloud-init[1068]: ci-info: | enp0s8 | True |         10.11.12.13         | 255.255.255.0 | global | 08:00:27:77:d7:b7 |
[   12.932624] cloud-init[1068]: ci-info: | enp0s8 | True | fe80::a00:27ff:fe77:d7b7/64 |       .       |  link  | 08:00:27:77:d7:b7 |
[   12.940889] cloud-init[1068]: ci-info: |   lo   | True |          127.0.0.1          |   255.0.0.0   |  host  |         .         |
[   12.948884] cloud-init[1068]: ci-info: |   lo   | True |           ::1/128           |       .       |  host  |         .         |
[   12.956436] cloud-init[1068]: ci-info: +--------+------+-----------------------------+---------------+--------+-------------------+
[   12.961657] cloud-init[1068]: ci-info: +++++++++++++++++++++++++++Route IPv4 info++++++++++++++++++++++++++++
[   12.964929] cloud-init[1068]: ci-info: +-------+-------------+----------+---------------+-----------+-------+
[   12.972554] cloud-init[1068]: ci-info: | Route | Destination | Gateway  |    Genmask    | Interface | Flags |
[   12.976975] cloud-init[1068]: ci-info: +-------+-------------+----------+---------------+-----------+-------+
[   12.984743] cloud-init[1068]: ci-info: |   0   |   0.0.0.0   | 10.0.2.2 |    0.0.0.0    |   enp0s3  |   UG  |
[   12.989189] cloud-init[1068]: ci-info: |   1   |   10.0.2.0  | 0.0.0.0  | 255.255.255.0 |   enp0s3  |   U   |
[   12.996656] cloud-init[1068]: ci-info: |   2   |  10.11.12.0 | 0.0.0.0  | 255.255.255.0 |   enp0s8  |   U   |
[   13.004461] cloud-init[1068]: ci-info: +-------+-------------+----------+---------------+-----------+-------+
[   13.008571] cloud-init[1068]: ci-info: +++++++++++++++++++Route IPv6 info+++++++++++++++++++
[[0;32m  OK  [0m] Started Initial cloud-init job (metadata service crawler).[   13.017404] cloud-init[1068]: ci-info: +-------+-------------+---------+-----------+-------+
[   13.019949] 
[[0;32m  OK  [0m] Reached target Cloud-config availability.
[[0;32m  OK  [0m] Reached target Network is Online.
         Starting iSCSI initiator daemon (iscsid)...
[[0;32m  OK  [0m] Reached target System Initialization.
cloud-init[1068]: ci-info: | Route | Destination | Gateway | Interface | Flags |
[   13.029047] cloud-init[1068]: ci-info: +-------+-------------+---------+-----------+-------+
[   13.029144] cloud-init[1068]: ci-info: |   0   |  fe80::/64  |    ::   |   enp0s8  |   U   |
[   13.029238] cloud-init[1068]: ci-info: |   1   |  fe80::/64  |    ::   |   enp0s3  |   U   |
[   13.029324] cloud-init[1068]: ci-info: |   4   |   ff00::/8  |    ::   |   enp0s8  |   U   |
[   13.029415] cloud-init[1068]: ci-info: |   5   |   ff00::/8  |    ::   |   enp0s3  |   U   |
[   13.029502] cloud-init[1068]: ci-info: +-------+-------------+---------+-----------+-------+
[[0;32m  OK  [0m] Started Daily Cleanup of Temporary Directories.
[[0;32m  OK  [0m] Started ACPI Events Check.
[[0;32m  OK  [0m] Reached target Paths.
[[0;32m  OK  [0m] Listening on D-Bus System Message Bus Socket.
         Starting LXD - unix socket.
[[0;32m  OK  [0m] Started Daily apt download activities.
[[0;32m  OK  [0m] Started Daily apt upgrade and clean activities.
[[0;32m  OK  [0m] Reached target Timers.
[[0;32m  OK  [0m] Listening on ACPID Listen Socket.
         Starting Socket activation for snappy daemon.
[[0;32m  OK  [0m] Listening on UUID daemon activation socket.
[[0;32m  OK  [0m] Listening on LXD - unix socket.
[[0;32m  OK  [0m] Listening on Socket activation for snappy daemon.
[[0;32m  OK  [0m] Started iSCSI initiator daemon (iscsid).
         Starting Login to default iSCSI targets...
[[0;32m  OK  [0m] Reached target Sockets.
[[0;32m  OK  [0m] Reached target Basic System.
         Starting LSB: MD monitoring daemon...
         Starting Virtualbox guest utils...
[[0;32m  OK  [0m] Started ACPI event daemon.
[[0;32m  OK  [0m] Started FUSE filesystem for LXC.
         Starting LSB: Record successful boot for GRUB...
[[0;32m  OK  [0m] Started D-Bus System Message Bus.
         Starting Accounts Service...
         Starting /etc/rc.local Compatibility...
         Starting OpenBSD Secure Shell server...
         Starting Snappy daemon...
         Starting System Logging Service...
[[0;32m  OK  [0m] Started Deferred execution scheduler.
[[0;32m  OK  [0m] Started Regular background program processing daemon.
         Starting Login Service...
         Starting LXD - container startup/shutdown...
[[0;32m  OK  [0m] Started /etc/rc.local Compatibility.
[[0;32m  OK  [0m] Started System Logging Service.
[[0;32m  OK  [0m] Started Login to default iSCSI targets.
[[0;32m  OK  [0m] Started LSB: MD monitoring daemon.
[[0;32m  OK  [0m] Started LSB: Record successful boot for GRUB.
[[0;32m  OK  [0m] Started OpenBSD Secure Shell server.
[[0;32m  OK  [0m] Started Login Service.
[[0;32m  OK  [0m] Started Unattended Upgrades Shutdown.
         Starting Authenticate and Authorize Users to Run Privileged Tasks...
[[0;32m  OK  [0m] Reached target Remote File Systems (Pre).
[[0;32m  OK  [0m] Reached target Remote File Systems.
         Starting Permit User Sessions...
         Starting LSB: daemon to balance interrupts for SMP systems...
         Starting LSB: automatic crash report generation...
         Starting LSB: Set the CPU Frequency Scaling governor to "ondemand"...
[[0;32m  OK  [0m] Started LXD - container startup/shutdown.
[[0;32m  OK  [0m] Started Permit User Sessions.
         Starting Hold until boot process finishes up...
         Starting Terminate Plymouth Boot Screen...
[[0;32m  OK  [0m] Started Hold until boot process finishes up.
[[0;32m  OK  [0m] Started Terminate Plymouth Boot Screen.
[[0;32m  OK  [0m] Started LSB: Set the CPU Frequency Scaling governor to "ondemand".
[[0;32m  OK  [0m] Started Serial Getty on ttyS0.
[[0;32m  OK  [0m] Started Getty on tty1.
[[0;32m  OK  [0m] Reached target Login Prompts.
         Starting Set console scheme...
[[0;32m  OK  [0m] Started Set console scheme.
[[0;32m  OK  [0m] Started Authenticate and Authorize Users to Run Privileged Tasks.
[[0;32m  OK  [0m] Started Accounts Service.
[[0;32m  OK  [0m] Started LSB: daemon to balance interrupts for SMP systems.
[[0;32m  OK  [0m] Started LSB: automatic crash report generation.
[[0;32m  OK  [0m] Started Virtualbox guest utils.
[[0;32m  OK  [0m] Started Snappy daemon.
         Starting Wait until snapd is fully seeded...
[[0;32m  OK  [0m] Started Wait until snapd is fully seeded.
[[0;32m  OK  [0m] Reached target Multi-User System.
[[0;32m  OK  [0m] Reached target Graphical Interface.
         Starting Update UTMP about System Runlevel Changes...
         Starting Apply the settings specified in cloud-config...
[[0;32m  OK  [0m] Started Update UTMP about System Runlevel Changes.
[   15.226111] cloud-init[1338]: Cloud-init v. 18.5-45-g3554ffe8-0ubuntu1~16.04.1 running 'modules:config' at Tue, 01 Oct 2019 07:47:23 +0000. Up 15.05 seconds.
[[0;32m  OK  [0m] Started Apply the settings specified in cloud-config.
         Starting Execute cloud user/final scripts...
[   16.161343] cloud-init[1350]: Cloud-init v. 18.5-45-g3554ffe8-0ubuntu1~16.04.1 running 'modules:final' at Tue, 01 Oct 2019 07:47:24 +0000. Up 15.97 seconds.
[   16.182569] cloud-init[1350]: Cloud-init v. 18.5-45-g3554ffe8-0ubuntu1~16.04.1 finished at Tue, 01 Oct 2019 07:47:24 +0000. Datasource DataSourceNoCloud [seed=/dev/sdb][dsmode=net].  Up 16.15 seconds
[[0;32m  OK  [0m] Started Execute cloud user/final scripts.
         Starting Daily apt download activities...
[[0;32m  OK  [0m] Reached target Cloud-init target.
[[0;32m  OK  [0m] Created slice User Slice of vagrant.
         Starting User Manager for UID 1000...
[[0;32m  OK  [0m] Started Session 1 of user vagrant.
[[0;32m  OK  [0m] Started User Manager for UID 1000.

Ubuntu 16.04.6 LTS ubuntu-xenial ttyS0

ubuntu-xenial login: [[0;32m  OK  [0m] Started ACPI event daemon.
[[0;32m  OK  [0m] Started ACPI event daemon.
[[0;32m  OK  [0m] Started ACPI event daemon.
[[0;32m  OK  [0m] Closed Unix socket for apport crash forwarding.
[[0;32m  OK  [0m] Started ACPI event daemon.
         Stopping LSB: automatic crash report generation...
[[0;32m  OK  [0m] Stopped LSB: automatic crash report generation.
[[0;32m  OK  [0m] Started ACPI event daemon.
[[0;32m  OK  [0m] Started ACPI event daemon.
[[0;32m  OK  [0m] Started ACPI event daemon.
[[0;32m  OK  [0m] Started ACPI event daemon.
[[0;32m  OK  [0m] Started ACPI event daemon.
         Starting LSB: automatic crash report generation...
[[0;32m  OK  [0m] Started LSB: automatic crash report generation.
[[0;32m  OK  [0m] Started ACPI event daemon.
[[0;32m  OK  [0m] Started ACPI event daemon.
[[0;32m  OK  [0m] Started ACPI event daemon.
[[0;32m  OK  [0m] Started ACPI event daemon.
[[0;32m  OK  [0m] Stopped target Sockets.
         Stopping Sockets.
[[0;32m  OK  [0m] Reached target Sockets.
[[0;32m  OK  [0m] Started Daily apt upgrade and clean activities.
[[0;32m  OK  [0m] Stopped target Graphical Interface.
[[0;32m  OK  [0m] Closed Load/Save RF Kill Switch Status /dev/rfkill Watch.
         Stopping Session 3 of user vagrant.
         Stopping Session 2 of user vagrant.
[[0;32m  OK  [0m] Stopped target Cloud-init target.
[[0;32m  OK  [0m] Stopped target Timers.
[[0;32m  OK  [0m] Stopped Daily Cleanup of Temporary Directories.
[[0;32m  OK  [0m] Stopped Daily apt upgrade and clean activities.
[[0;32m  OK  [0m] Stopped Execute cloud user/final scripts.
         Stopping ACPI event daemon...
[[0;32m  OK  [0m] Stopped Daily apt download activities.
[[0;32m  OK  [0m] Stopped target System Time Synchronized.
         Stopping Accounts Service...
         Stopping Authenticate and Authorize Users to Run Privileged Tasks...
[[0;32m  OK  [0m] Stopped Apply the settings specified in cloud-config.
[[0;32m  OK  [0m] Stopped target Cloud-config availability.
[[0;32m  OK  [0m] Stopped target Multi-User System.
         Stopping LSB: Record successful boot for GRUB...
         Stopping LXD - container startup/shutdown...
         Stopping Regular background program processing daemon...
         Stopping D-Bus System Message Bus...
         Stopping LSB: automatic crash report generation...
         Stopping System Logging Service...
         Stopping LSB: daemon to balance interrupts for SMP systems...
         Stopping Deferred execution scheduler...
         Stopping FUSE filesystem for LXC...
         Stopping Virtualbox guest utils...
[[0;32m  OK  [0m] Stopped target Login Prompts.
         Stopping Serial Getty on ttyS0...
         Stopping LSB: Set the CPU Frequency Scaling governor to "ondemand"...
         Stopping Unattended Upgrades Shutdown...
         Stopping OpenBSD Secure Shell server...
[[0;32m  OK  [0m] Stopped Wait until snapd is fully seeded.
         Stopping LSB: MD monitoring daemon...
         Stopping Getty on tty1...
         Stopping User Manager for UID 1000...
[[0;32m  OK  [0m] Unmounted /var/lib/lxcfs.
[[0;32m  OK  [0m] Stopped ACPI event daemon.
[[0;32m  OK  [0m] Stopped Accounts Service.
[[0;32m  OK  [0m] Stopped System Logging Service.
[[0;32m  OK  [0m] Stopped Deferred execution scheduler.
[[0;32m  OK  [0m] Stopped Regular background program processing daemon.
[[0;32m  OK  [0m] Stopped OpenBSD Secure Shell server.
[[0;32m  OK  [0m] Stopped Authenticate and Authorize Users to Run Privileged Tasks.
[[0;32m  OK  [0m] Stopped Serial Getty on ttyS0.
[[0;32m  OK  [0m] Stopped Getty on tty1.
[[0;32m  OK  [0m] Stopped Unattended Upgrades Shutdown.
[[0;32m  OK  [0m] Stopped User Manager for UID 1000.
[[0;32m  OK  [0m] Stopped Session 3 of user vagrant.
[[0;32m  OK  [0m] Stopped Session 2 of user vagrant.
[[0;32m  OK  [0m] Stopped D-Bus System Message Bus.
[[0;32m  OK  [0m] Stopped FUSE filesystem for LXC.
[[0;32m  OK  [0m] Stopped LXD - container startup/shutdown.
[[0;32m  OK  [0m] Stopped LSB: Set the CPU Frequency Scaling governor to "ondemand".
[[0;32m  OK  [0m] Stopped Virtualbox guest utils.
[[0;32m  OK  [0m] Stopped LSB: MD monitoring daemon.
[[0;32m  OK  [0m] Stopped LSB: Record successful boot for GRUB.
[[0;32m  OK  [0m] Stopped LSB: daemon to balance interrupts for SMP systems.
[[0;32m  OK  [0m] Stopped LSB: automatic crash report generation.
[[0;32m  OK  [0m] Removed slice User Slice of vagrant.
         Stopping Login Service...
[[0;32m  OK  [0m] Removed slice system-getty.slice.
         Stopping Permit User Sessions...
[[0;32m  OK  [0m] Removed slice system-serial\x2dgetty.slice.
[[0;32m  OK  [0m] Stopped /etc/rc.local Compatibility.
[[0;32m  OK  [0m] Stopped Login Service.
[[0;32m  OK  [0m] Stopped Permit User Sessions.
[[0;32m  OK  [0m] Stopped target Remote File Systems.
[[0;32m  OK  [0m] Stopped target Remote File Systems (Pre).
         Stopping Login to default iSCSI targets...
[[0;32m  OK  [0m] Stopped target Basic System.
[[0;32m  OK  [0m] Stopped target Sockets.
[[0;32m  OK  [0m] Closed LXD - unix socket.
[[0;32m  OK  [0m] Closed Socket activation for snappy daemon.
[[0;32m  OK  [0m] Closed UUID daemon activation socket.
[[0;32m  OK  [0m] Closed ACPID Listen Socket.
[[0;32m  OK  [0m] Closed Syslog Socket.
[[0;32m  OK  [0m] Stopped target Slices.
[[0;32m  OK  [0m] Stopped target Paths.
[[0;32m  OK  [0m] Stopped ACPI Events Check.
[[0;32m  OK  [0m] Stopped Forward Password Requests to Wall Directory Watch.
[[0;32m  OK  [0m] Stopped Dispatch Password Requests to Console Directory Watch.
[[0;32m  OK  [0m] Closed D-Bus System Message Bus Socket.
[[0;32m  OK  [0m] Stopped target System Initialization.
[[0;32m  OK  [0m] Stopped Create Volatile Files and Directories.
         Stopping Load/Save Random Seed...
[[0;32m  OK  [0m] Stopped target Swap.
[[0;32m  OK  [0m] Stopped target Encrypted Volumes.
[[0;32m  OK  [0m] Removed slice User and Session Slice.
[[0;32m  OK  [0m] Stopped target User and Group Name Lookups.
[[0;32m  OK  [0m] Stopped Load/Save Random Seed.
[[0;32m  OK  [0m] Stopped Login to default iSCSI targets.
         Stopping iSCSI initiator daemon (iscsid)...
[[0;32m  OK  [0m] Stopped iSCSI initiator daemon (iscsid).
[[0;32m  OK  [0m] Stopped target Network is Online.
[[0;32m  OK  [0m] Stopped Initial cloud-init job (metadata service crawler).
[[0;32m  OK  [0m] Stopped target Network.
         Stopping Raise network interfaces...
[[0;32m  OK  [0m] Stopped Raise network interfaces.
[[0;32m  OK  [0m] Stopped target Network (Pre).
[[0;32m  OK  [0m] Stopped Initial cloud-init job (pre-networking).
[[0;32m  OK  [0m] Stopped target Local File Systems.
         Unmounting /sp_mysociety_storage...
         Unmounting /sp_alexparsons_publish...
         Unmounting /vagrant...
         Unmounting /run/user/1000...
         Unmounting /sp_alexparsons_storage...
         Unmounting /sp_mysociety_publish...
[[0;32m  OK  [0m] Stopped Apply Kernel Variables.
[[0;32m  OK  [0m] Stopped Load Kernel Modules.
[[0;32m  OK  [0m] Unmounted /sp_mysociety_storage.
[[0;32m  OK  [0m] Unmounted /sp_alexparsons_publish.
[[0;32m  OK  [0m] Unmounted /vagrant.
[[0;32m  OK  [0m] Unmounted /run/user/1000.
[[0;32m  OK  [0m] Unmounted /sp_alexparsons_storage.
[[0;32m  OK  [0m] Unmounted /sp_mysociety_publish.
[[0;32m  OK  [0m] Reached target Unmount All Filesystems.
[[0;32m  OK  [0m] Stopped target Local File Systems (Pre).
         Stopping Monitoring of LVM2 mirrors... dmeventd or progress polling...
[[0;32m  OK  [0m] Stopped Create Static Device Nodes in /dev.
[[0;32m  OK  [0m] Stopped Remount Root and Kernel File Systems.
[[0;32m  OK  [0m] Reached target Shutdown.
[ 1027.790747] reboot: Power down
